[23:41:29] [main/INFO] [GradleStart]: Extra: []
[23:41:29] [main/INFO] [GradleStart]: Found and added coremod: codechicken.core.launch.CodeChickenCorePlugin
[23:41:29] [main/INFO] [GradleStart]: Found and added coremod: ic2.core.coremod.IC2core
[23:41:29] [main/INFO] [GradleStart]: Found and added coremod: codechicken.core.launch.DepLoader
[23:41:29] [main/INFO] [GradleStart]: Found and added coremod: codechicken.nei.asm.NEICorePlugin
[23:41:29] [main/INFO] [GradleStart]: Found and added coremod: squeek.applecore.AppleCore
[23:41:29] [main/INFO] [GradleStart]: Found and added coremod: appeng.transformer.AppEngCore
[23:41:29] [main/INFO] [GradleStart]: Found and added coremod: codechicken.core.launch.CodeChickenCorePlugin
[23:41:29] [main/INFO] [GradleStart]: Found and added coremod: cofh.asm.LoadingPlugin
[23:41:29] [main/INFO] [GradleStart]: Found and added coremod: com.enderio.core.common.transform.EnderCorePlugin
[23:41:29] [main/INFO] [GradleStart]: Found and added coremod: codechicken.core.launch.DepLoader
[23:41:29] [main/INFO] [GradleStart]: Found and added coremod: gtPlusPlus.preloader.asm.Preloader_FMLLoadingPlugin
[23:41:29] [main/INFO] [GradleStart]: Found and added coremod: ic2.core.coremod.IC2core
[23:41:29] [main/INFO] [GradleStart]: Found and added coremod: ic2.core.coremod.IC2core
[23:41:29] [main/INFO] [GradleStart]: Found and added coremod: micdoodle8.mods.miccore.MicdoodlePlugin
[23:41:29] [main/INFO] [GradleStart]: Found and added coremod: codechicken.nei.asm.NEICorePlugin
[23:41:29] [main/INFO] [GradleStart]: Found and added coremod: codechicken.nei.asm.NEICorePlugin
[23:41:29] [main/INFO] [GradleStart]: Found and added coremod: thaumcraft.codechicken.core.launch.DepLoader
[23:41:29] [main/INFO] [GradleStart]: Running with arguments: [--userProperties, {}, --assetsDir, C:/Users/DiFaYaL/.gradle/caches/minecraft/assets, --assetIndex, 1.7.10, --accessToken, {REDACTED}, --version, 1.7.10, --tweakClass, cpw.mods.fml.common.launcher.FMLTweaker, --tweakClass, net.minecraftforge.gradle.tweakers.CoremodTweaker]
[23:41:29] [main/INFO] [LaunchWrapper]: Loading tweak class name cpw.mods.fml.common.launcher.FMLTweaker
[23:41:29] [main/INFO] [LaunchWrapper]: Using primary tweak class name cpw.mods.fml.common.launcher.FMLTweaker
[23:41:29] [main/INFO] [LaunchWrapper]: Loading tweak class name net.minecraftforge.gradle.tweakers.CoremodTweaker
[23:41:29] [main/INFO] [LaunchWrapper]: Calling tweak class cpw.mods.fml.common.launcher.FMLTweaker
[23:44:12] [main/INFO] [GradleStart]: Extra: []
[23:44:12] [main/INFO] [GradleStart]: Found and added coremod: codechicken.core.launch.CodeChickenCorePlugin
[23:44:12] [main/INFO] [GradleStart]: Found and added coremod: squeek.applecore.AppleCore
[23:44:12] [main/INFO] [GradleStart]: Found and added coremod: appeng.transformer.AppEngCore
[23:44:12] [main/INFO] [GradleStart]: Found and added coremod: codechicken.core.launch.CodeChickenCorePlugin
[23:44:12] [main/INFO] [GradleStart]: Found and added coremod: cofh.asm.LoadingPlugin
[23:44:12] [main/INFO] [GradleStart]: Found and added coremod: com.enderio.core.common.transform.EnderCorePlugin
[23:44:12] [main/INFO] [GradleStart]: Found and added coremod: codechicken.core.launch.DepLoader
[23:44:12] [main/INFO] [GradleStart]: Found and added coremod: gtPlusPlus.preloader.asm.Preloader_FMLLoadingPlugin
[23:44:12] [main/INFO] [GradleStart]: Found and added coremod: ic2.core.coremod.IC2core
[23:44:12] [main/INFO] [GradleStart]: Found and added coremod: micdoodle8.mods.miccore.MicdoodlePlugin
[23:44:12] [main/INFO] [GradleStart]: Found and added coremod: codechicken.nei.asm.NEICorePlugin
[23:44:12] [main/INFO] [GradleStart]: Found and added coremod: thaumcraft.codechicken.core.launch.DepLoader
[23:44:12] [main/INFO] [GradleStart]: Running with arguments: [--userProperties, {}, --assetsDir, C:/Users/DiFaYaL/.gradle/caches/minecraft/assets, --assetIndex, 1.7.10, --accessToken, {REDACTED}, --version, 1.7.10, --tweakClass, cpw.mods.fml.common.launcher.FMLTweaker, --tweakClass, net.minecraftforge.gradle.tweakers.CoremodTweaker]
[23:44:12] [main/INFO] [LaunchWrapper]: Loading tweak class name cpw.mods.fml.common.launcher.FMLTweaker
[23:44:12] [main/INFO] [LaunchWrapper]: Using primary tweak class name cpw.mods.fml.common.launcher.FMLTweaker
[23:44:12] [main/INFO] [LaunchWrapper]: Loading tweak class name net.minecraftforge.gradle.tweakers.CoremodTweaker
[23:44:12] [main/INFO] [LaunchWrapper]: Calling tweak class cpw.mods.fml.common.launcher.FMLTweaker
[23:47:58] [main/INFO] [GradleStart]: Extra: []
[23:47:58] [main/INFO] [GradleStart]: Found and added coremod: codechicken.core.launch.CodeChickenCorePlugin
[23:47:58] [main/INFO] [GradleStart]: Found and added coremod: squeek.applecore.AppleCore
[23:47:58] [main/INFO] [GradleStart]: Found and added coremod: appeng.transformer.AppEngCore
[23:47:58] [main/INFO] [GradleStart]: Found and added coremod: codechicken.core.launch.CodeChickenCorePlugin
[23:47:58] [main/INFO] [GradleStart]: Found and added coremod: cofh.asm.LoadingPlugin
[23:47:58] [main/INFO] [GradleStart]: Found and added coremod: com.enderio.core.common.transform.EnderCorePlugin
[23:47:58] [main/INFO] [GradleStart]: Found and added coremod: codechicken.core.launch.DepLoader
[23:47:58] [main/INFO] [GradleStart]: Found and added coremod: gtPlusPlus.preloader.asm.Preloader_FMLLoadingPlugin
[23:47:58] [main/INFO] [GradleStart]: Found and added coremod: ic2.core.coremod.IC2core
[23:47:58] [main/INFO] [GradleStart]: Found and added coremod: micdoodle8.mods.miccore.MicdoodlePlugin
[23:47:58] [main/INFO] [GradleStart]: Found and added coremod: codechicken.nei.asm.NEICorePlugin
[23:47:58] [main/INFO] [GradleStart]: Found and added coremod: thaumcraft.codechicken.core.launch.DepLoader
[23:47:58] [main/INFO] [GradleStart]: Running with arguments: [--userProperties, {}, --assetsDir, C:/Users/DiFaYaL/.gradle/caches/minecraft/assets, --assetIndex, 1.7.10, --accessToken, {REDACTED}, --version, 1.7.10, --tweakClass, cpw.mods.fml.common.launcher.FMLTweaker, --tweakClass, net.minecraftforge.gradle.tweakers.CoremodTweaker]
[23:47:58] [main/INFO] [LaunchWrapper]: Loading tweak class name cpw.mods.fml.common.launcher.FMLTweaker
[23:47:58] [main/INFO] [LaunchWrapper]: Using primary tweak class name cpw.mods.fml.common.launcher.FMLTweaker
[23:47:58] [main/INFO] [LaunchWrapper]: Loading tweak class name net.minecraftforge.gradle.tweakers.CoremodTweaker
[23:47:58] [main/INFO] [LaunchWrapper]: Calling tweak class cpw.mods.fml.common.launcher.FMLTweaker
[01:51:19] [main/INFO] [GradleStart]: Extra: []
[01:51:19] [main/INFO] [GradleStart]: Found and added coremod: codechicken.core.launch.CodeChickenCorePlugin
[01:51:19] [main/INFO] [GradleStart]: Found and added coremod: squeek.applecore.AppleCore
[01:51:19] [main/INFO] [GradleStart]: Found and added coremod: appeng.transformer.AppEngCore
[01:51:19] [main/INFO] [GradleStart]: Found and added coremod: codechicken.core.launch.CodeChickenCorePlugin
[01:51:19] [main/INFO] [GradleStart]: Found and added coremod: cofh.asm.LoadingPlugin
[01:51:19] [main/INFO] [GradleStart]: Found and added coremod: com.enderio.core.common.transform.EnderCorePlugin
[01:51:19] [main/INFO] [GradleStart]: Found and added coremod: codechicken.core.launch.DepLoader
[01:51:19] [main/INFO] [GradleStart]: Found and added coremod: gtPlusPlus.preloader.asm.Preloader_FMLLoadingPlugin
[01:51:19] [main/INFO] [GradleStart]: Found and added coremod: ic2.core.coremod.IC2core
[01:51:19] [main/INFO] [GradleStart]: Found and added coremod: micdoodle8.mods.miccore.MicdoodlePlugin
[01:51:19] [main/INFO] [GradleStart]: Found and added coremod: codechicken.nei.asm.NEICorePlugin
[01:51:19] [main/INFO] [GradleStart]: Found and added coremod: thaumcraft.codechicken.core.launch.DepLoader
[01:51:19] [main/INFO] [GradleStart]: Running with arguments: [--userProperties, {}, --assetsDir, C:/Users/DiFaYaL/.gradle/caches/minecraft/assets, --assetIndex, 1.7.10, --accessToken, {REDACTED}, --version, 1.7.10, --tweakClass, cpw.mods.fml.common.launcher.FMLTweaker, --tweakClass, net.minecraftforge.gradle.tweakers.CoremodTweaker]
[01:51:19] [main/INFO] [LaunchWrapper]: Loading tweak class name cpw.mods.fml.common.launcher.FMLTweaker
[01:51:19] [main/INFO] [LaunchWrapper]: Using primary tweak class name cpw.mods.fml.common.launcher.FMLTweaker
[01:51:19] [main/INFO] [LaunchWrapper]: Loading tweak class name net.minecraftforge.gradle.tweakers.CoremodTweaker
[01:51:19] [main/INFO] [LaunchWrapper]: Calling tweak class cpw.mods.fml.common.launcher.FMLTweaker
[02:20:34] [main/INFO] [GradleStart]: Extra: []
[02:20:34] [main/INFO] [GradleStart]: Found and added coremod: codechicken.core.launch.CodeChickenCorePlugin
[02:20:34] [main/INFO] [GradleStart]: Found and added coremod: squeek.applecore.AppleCore
[02:20:34] [main/INFO] [GradleStart]: Found and added coremod: appeng.transformer.AppEngCore
[02:20:34] [main/INFO] [GradleStart]: Found and added coremod: codechicken.core.launch.CodeChickenCorePlugin
[02:20:34] [main/INFO] [GradleStart]: Found and added coremod: cofh.asm.LoadingPlugin
[02:20:34] [main/INFO] [GradleStart]: Found and added coremod: com.enderio.core.common.transform.EnderCorePlugin
[02:20:34] [main/INFO] [GradleStart]: Found and added coremod: codechicken.core.launch.DepLoader
[02:20:34] [main/INFO] [GradleStart]: Found and added coremod: gtPlusPlus.preloader.asm.Preloader_FMLLoadingPlugin
[02:20:34] [main/INFO] [GradleStart]: Found and added coremod: ic2.core.coremod.IC2core
[02:20:34] [main/INFO] [GradleStart]: Found and added coremod: micdoodle8.mods.miccore.MicdoodlePlugin
[02:20:34] [main/INFO] [GradleStart]: Found and added coremod: codechicken.nei.asm.NEICorePlugin
[02:20:34] [main/INFO] [GradleStart]: Found and added coremod: thaumcraft.codechicken.core.launch.DepLoader
[02:20:34] [main/INFO] [GradleStart]: Running with arguments: [--userProperties, {}, --assetsDir, C:/Users/DiFaYaL/.gradle/caches/minecraft/assets, --assetIndex, 1.7.10, --accessToken, {REDACTED}, --version, 1.7.10, --tweakClass, cpw.mods.fml.common.launcher.FMLTweaker, --tweakClass, net.minecraftforge.gradle.tweakers.CoremodTweaker]
[02:20:34] [main/INFO] [LaunchWrapper]: Loading tweak class name cpw.mods.fml.common.launcher.FMLTweaker
[02:20:34] [main/INFO] [LaunchWrapper]: Using primary tweak class name cpw.mods.fml.common.launcher.FMLTweaker
[02:20:34] [main/INFO] [LaunchWrapper]: Loading tweak class name net.minecraftforge.gradle.tweakers.CoremodTweaker
[02:20:34] [main/INFO] [LaunchWrapper]: Calling tweak class cpw.mods.fml.common.launcher.FMLTweaker
[02:46:09] [main/INFO] [GradleStart]: Extra: []
[02:46:09] [main/INFO] [GradleStart]: Found and added coremod: codechicken.core.launch.CodeChickenCorePlugin
[02:46:09] [main/INFO] [GradleStart]: Found and added coremod: squeek.applecore.AppleCore
[02:46:09] [main/INFO] [GradleStart]: Found and added coremod: appeng.transformer.AppEngCore
[02:46:09] [main/INFO] [GradleStart]: Found and added coremod: codechicken.core.launch.CodeChickenCorePlugin
[02:46:09] [main/INFO] [GradleStart]: Found and added coremod: cofh.asm.LoadingPlugin
[02:46:09] [main/INFO] [GradleStart]: Found and added coremod: com.enderio.core.common.transform.EnderCorePlugin
[02:46:09] [main/INFO] [GradleStart]: Found and added coremod: codechicken.core.launch.DepLoader
[02:46:09] [main/INFO] [GradleStart]: Found and added coremod: gtPlusPlus.preloader.asm.Preloader_FMLLoadingPlugin
[02:46:09] [main/INFO] [GradleStart]: Found and added coremod: ic2.core.coremod.IC2core
[02:46:09] [main/INFO] [GradleStart]: Found and added coremod: micdoodle8.mods.miccore.MicdoodlePlugin
[02:46:09] [main/INFO] [GradleStart]: Found and added coremod: codechicken.nei.asm.NEICorePlugin
[02:46:09] [main/INFO] [GradleStart]: Found and added coremod: thaumcraft.codechicken.core.launch.DepLoader
[02:46:09] [main/INFO] [GradleStart]: Running with arguments: [--userProperties, {}, --assetsDir, C:/Users/DiFaYaL/.gradle/caches/minecraft/assets, --assetIndex, 1.7.10, --accessToken, {REDACTED}, --version, 1.7.10, --tweakClass, cpw.mods.fml.common.launcher.FMLTweaker, --tweakClass, net.minecraftforge.gradle.tweakers.CoremodTweaker]
[02:46:09] [main/INFO] [LaunchWrapper]: Loading tweak class name cpw.mods.fml.common.launcher.FMLTweaker
[02:46:09] [main/INFO] [LaunchWrapper]: Using primary tweak class name cpw.mods.fml.common.launcher.FMLTweaker
[02:46:09] [main/INFO] [LaunchWrapper]: Loading tweak class name net.minecraftforge.gradle.tweakers.CoremodTweaker
[02:46:09] [main/INFO] [LaunchWrapper]: Calling tweak class cpw.mods.fml.common.launcher.FMLTweaker
[02:53:52] [main/INFO] [GradleStart]: Extra: []
[02:53:52] [main/INFO] [GradleStart]: Found and added coremod: codechicken.core.launch.CodeChickenCorePlugin
[02:53:52] [main/INFO] [GradleStart]: Found and added coremod: squeek.applecore.AppleCore
[02:53:52] [main/INFO] [GradleStart]: Found and added coremod: appeng.transformer.AppEngCore
[02:53:52] [main/INFO] [GradleStart]: Found and added coremod: codechicken.core.launch.CodeChickenCorePlugin
[02:53:52] [main/INFO] [GradleStart]: Found and added coremod: cofh.asm.LoadingPlugin
[02:53:52] [main/INFO] [GradleStart]: Found and added coremod: com.enderio.core.common.transform.EnderCorePlugin
[02:53:52] [main/INFO] [GradleStart]: Found and added coremod: codechicken.core.launch.DepLoader
[02:53:52] [main/INFO] [GradleStart]: Found and added coremod: gtPlusPlus.preloader.asm.Preloader_FMLLoadingPlugin
[02:53:52] [main/INFO] [GradleStart]: Found and added coremod: ic2.core.coremod.IC2core
[02:53:52] [main/INFO] [GradleStart]: Found and added coremod: micdoodle8.mods.miccore.MicdoodlePlugin
[02:53:52] [main/INFO] [GradleStart]: Found and added coremod: codechicken.nei.asm.NEICorePlugin
[02:53:52] [main/INFO] [GradleStart]: Found and added coremod: thaumcraft.codechicken.core.launch.DepLoader
[02:53:52] [main/INFO] [GradleStart]: Running with arguments: [--userProperties, {}, --assetsDir, C:/Users/DiFaYaL/.gradle/caches/minecraft/assets, --assetIndex, 1.7.10, --accessToken, {REDACTED}, --version, 1.7.10, --tweakClass, cpw.mods.fml.common.launcher.FMLTweaker, --tweakClass, net.minecraftforge.gradle.tweakers.CoremodTweaker]
[02:53:52] [main/INFO] [LaunchWrapper]: Loading tweak class name cpw.mods.fml.common.launcher.FMLTweaker
[02:53:52] [main/INFO] [LaunchWrapper]: Using primary tweak class name cpw.mods.fml.common.launcher.FMLTweaker
[02:53:52] [main/INFO] [LaunchWrapper]: Loading tweak class name net.minecraftforge.gradle.tweakers.CoremodTweaker
[02:53:52] [main/INFO] [LaunchWrapper]: Calling tweak class cpw.mods.fml.common.launcher.FMLTweaker
[02:57:30] [main/INFO] [GradleStart]: Extra: []
[02:57:30] [main/INFO] [GradleStart]: Found and added coremod: codechicken.core.launch.CodeChickenCorePlugin
[02:57:30] [main/INFO] [GradleStart]: Found and added coremod: squeek.applecore.AppleCore
[02:57:30] [main/INFO] [GradleStart]: Found and added coremod: appeng.transformer.AppEngCore
[02:57:30] [main/INFO] [GradleStart]: Found and added coremod: codechicken.core.launch.CodeChickenCorePlugin
[02:57:30] [main/INFO] [GradleStart]: Found and added coremod: cofh.asm.LoadingPlugin
[02:57:30] [main/INFO] [GradleStart]: Found and added coremod: com.enderio.core.common.transform.EnderCorePlugin
[02:57:30] [main/INFO] [GradleStart]: Found and added coremod: codechicken.core.launch.DepLoader
[02:57:30] [main/INFO] [GradleStart]: Found and added coremod: gtPlusPlus.preloader.asm.Preloader_FMLLoadingPlugin
[02:57:30] [main/INFO] [GradleStart]: Found and added coremod: ic2.core.coremod.IC2core
[02:57:30] [main/INFO] [GradleStart]: Found and added coremod: micdoodle8.mods.miccore.MicdoodlePlugin
[02:57:30] [main/INFO] [GradleStart]: Found and added coremod: codechicken.nei.asm.NEICorePlugin
[02:57:30] [main/INFO] [GradleStart]: Found and added coremod: thaumcraft.codechicken.core.launch.DepLoader
[02:57:30] [main/INFO] [GradleStart]: Running with arguments: [--userProperties, {}, --assetsDir, C:/Users/DiFaYaL/.gradle/caches/minecraft/assets, --assetIndex, 1.7.10, --accessToken, {REDACTED}, --version, 1.7.10, --tweakClass, cpw.mods.fml.common.launcher.FMLTweaker, --tweakClass, net.minecraftforge.gradle.tweakers.CoremodTweaker]
[02:57:30] [main/INFO] [LaunchWrapper]: Loading tweak class name cpw.mods.fml.common.launcher.FMLTweaker
[02:57:30] [main/INFO] [LaunchWrapper]: Using primary tweak class name cpw.mods.fml.common.launcher.FMLTweaker
[02:57:30] [main/INFO] [LaunchWrapper]: Loading tweak class name net.minecraftforge.gradle.tweakers.CoremodTweaker
[02:57:30] [main/INFO] [LaunchWrapper]: Calling tweak class cpw.mods.fml.common.launcher.FMLTweaker
[02:08:21] [main/INFO] [GradleStart]: Extra: []
[02:08:21] [main/INFO] [GradleStart]: Found and added coremod: codechicken.core.launch.CodeChickenCorePlugin
[02:08:21] [main/INFO] [GradleStart]: Found and added coremod: squeek.applecore.AppleCore
[02:08:21] [main/INFO] [GradleStart]: Found and added coremod: appeng.transformer.AppEngCore
[02:08:21] [main/INFO] [GradleStart]: Found and added coremod: codechicken.core.launch.CodeChickenCorePlugin
[02:08:21] [main/INFO] [GradleStart]: Found and added coremod: cofh.asm.LoadingPlugin
[02:08:21] [main/INFO] [GradleStart]: Found and added coremod: com.enderio.core.common.transform.EnderCorePlugin
[02:08:21] [main/INFO] [GradleStart]: Found and added coremod: codechicken.core.launch.DepLoader
[02:08:21] [main/INFO] [GradleStart]: Found and added coremod: gtPlusPlus.preloader.asm.Preloader_FMLLoadingPlugin
[02:08:21] [main/INFO] [GradleStart]: Found and added coremod: ic2.core.coremod.IC2core
[02:08:21] [main/INFO] [GradleStart]: Found and added coremod: micdoodle8.mods.miccore.MicdoodlePlugin
[02:08:21] [main/INFO] [GradleStart]: Found and added coremod: codechicken.nei.asm.NEICorePlugin
[02:08:21] [main/INFO] [GradleStart]: Found and added coremod: thaumcraft.codechicken.core.launch.DepLoader
[02:08:21] [main/INFO] [GradleStart]: Running with arguments: [--userProperties, {}, --assetsDir, C:/Users/DiFaYaL/.gradle/caches/minecraft/assets, --assetIndex, 1.7.10, --accessToken, {REDACTED}, --version, 1.7.10, --tweakClass, cpw.mods.fml.common.launcher.FMLTweaker, --tweakClass, net.minecraftforge.gradle.tweakers.CoremodTweaker]
[02:08:21] [main/INFO] [LaunchWrapper]: Loading tweak class name cpw.mods.fml.common.launcher.FMLTweaker
[02:08:21] [main/INFO] [LaunchWrapper]: Using primary tweak class name cpw.mods.fml.common.launcher.FMLTweaker
[02:08:21] [main/INFO] [LaunchWrapper]: Loading tweak class name net.minecraftforge.gradle.tweakers.CoremodTweaker
[02:08:21] [main/INFO] [LaunchWrapper]: Calling tweak class cpw.mods.fml.common.launcher.FMLTweaker
[14:23:22] [main/INFO] [GradleStart]: Extra: []
[14:23:22] [main/INFO] [GradleStart]: Found and added coremod: codechicken.core.launch.CodeChickenCorePlugin
[14:23:22] [main/INFO] [GradleStart]: Found and added coremod: squeek.applecore.AppleCore
[14:23:22] [main/INFO] [GradleStart]: Found and added coremod: appeng.transformer.AppEngCore
[14:23:22] [main/INFO] [GradleStart]: Found and added coremod: codechicken.core.launch.CodeChickenCorePlugin
[14:23:22] [main/INFO] [GradleStart]: Found and added coremod: cofh.asm.LoadingPlugin
[14:23:22] [main/INFO] [GradleStart]: Found and added coremod: com.enderio.core.common.transform.EnderCorePlugin
[14:23:22] [main/INFO] [GradleStart]: Found and added coremod: codechicken.core.launch.DepLoader
[14:23:22] [main/INFO] [GradleStart]: Found and added coremod: gtPlusPlus.preloader.asm.Preloader_FMLLoadingPlugin
[14:23:22] [main/INFO] [GradleStart]: Found and added coremod: ic2.core.coremod.IC2core
[14:23:22] [main/INFO] [GradleStart]: Found and added coremod: micdoodle8.mods.miccore.MicdoodlePlugin
[14:23:22] [main/INFO] [GradleStart]: Found and added coremod: codechicken.nei.asm.NEICorePlugin
[14:23:22] [main/INFO] [GradleStart]: Found and added coremod: thaumcraft.codechicken.core.launch.DepLoader
[14:23:22] [main/INFO] [GradleStart]: Running with arguments: [--userProperties, {}, --assetsDir, C:/Users/DiFaYaL/.gradle/caches/minecraft/assets, --assetIndex, 1.7.10, --accessToken, {REDACTED}, --version, 1.7.10, --tweakClass, cpw.mods.fml.common.launcher.FMLTweaker, --tweakClass, net.minecraftforge.gradle.tweakers.CoremodTweaker]
[14:23:22] [main/INFO] [LaunchWrapper]: Loading tweak class name cpw.mods.fml.common.launcher.FMLTweaker
[14:23:22] [main/INFO] [LaunchWrapper]: Using primary tweak class name cpw.mods.fml.common.launcher.FMLTweaker
[14:23:22] [main/INFO] [LaunchWrapper]: Loading tweak class name net.minecraftforge.gradle.tweakers.CoremodTweaker
[14:23:22] [main/INFO] [LaunchWrapper]: Calling tweak class cpw.mods.fml.common.launcher.FMLTweaker
[14:53:01] [main/INFO] [GradleStart]: Extra: []
[14:53:01] [main/INFO] [GradleStart]: Found and added coremod: codechicken.core.launch.CodeChickenCorePlugin
[14:53:01] [main/INFO] [GradleStart]: Found and added coremod: squeek.applecore.AppleCore
[14:53:01] [main/INFO] [GradleStart]: Found and added coremod: appeng.transformer.AppEngCore
[14:53:01] [main/INFO] [GradleStart]: Found and added coremod: codechicken.core.launch.CodeChickenCorePlugin
[14:53:01] [main/INFO] [GradleStart]: Found and added coremod: cofh.asm.LoadingPlugin
[14:53:01] [main/INFO] [GradleStart]: Found and added coremod: com.enderio.core.common.transform.EnderCorePlugin
[14:53:01] [main/INFO] [GradleStart]: Found and added coremod: codechicken.core.launch.DepLoader
[14:53:01] [main/INFO] [GradleStart]: Found and added coremod: gtPlusPlus.preloader.asm.Preloader_FMLLoadingPlugin
[14:53:01] [main/INFO] [GradleStart]: Found and added coremod: ic2.core.coremod.IC2core
[14:53:01] [main/INFO] [GradleStart]: Found and added coremod: micdoodle8.mods.miccore.MicdoodlePlugin
[14:53:01] [main/INFO] [GradleStart]: Found and added coremod: codechicken.nei.asm.NEICorePlugin
[14:53:01] [main/INFO] [GradleStart]: Found and added coremod: thaumcraft.codechicken.core.launch.DepLoader
[14:53:01] [main/INFO] [GradleStart]: Running with arguments: [--userProperties, {}, --assetsDir, C:/Users/DiFaYaL/.gradle/caches/minecraft/assets, --assetIndex, 1.7.10, --accessToken, {REDACTED}, --version, 1.7.10, --tweakClass, cpw.mods.fml.common.launcher.FMLTweaker, --tweakClass, net.minecraftforge.gradle.tweakers.CoremodTweaker]
[14:53:01] [main/INFO] [LaunchWrapper]: Loading tweak class name cpw.mods.fml.common.launcher.FMLTweaker
[14:53:01] [main/INFO] [LaunchWrapper]: Using primary tweak class name cpw.mods.fml.common.launcher.FMLTweaker
[14:53:01] [main/INFO] [LaunchWrapper]: Loading tweak class name net.minecraftforge.gradle.tweakers.CoremodTweaker
[14:53:01] [main/INFO] [LaunchWrapper]: Calling tweak class cpw.mods.fml.common.launcher.FMLTweaker
[14:55:36] [main/INFO] [GradleStart]: Extra: []
[14:55:36] [main/INFO] [GradleStart]: Found and added coremod: codechicken.core.launch.CodeChickenCorePlugin
[14:55:36] [main/INFO] [GradleStart]: Found and added coremod: squeek.applecore.AppleCore
[14:55:36] [main/INFO] [GradleStart]: Found and added coremod: appeng.transformer.AppEngCore
[14:55:36] [main/INFO] [GradleStart]: Found and added coremod: codechicken.core.launch.CodeChickenCorePlugin
[14:55:36] [main/INFO] [GradleStart]: Found and added coremod: cofh.asm.LoadingPlugin
[14:55:36] [main/INFO] [GradleStart]: Found and added coremod: com.enderio.core.common.transform.EnderCorePlugin
[14:55:36] [main/INFO] [GradleStart]: Found and added coremod: codechicken.core.launch.DepLoader
[14:55:36] [main/INFO] [GradleStart]: Found and added coremod: gtPlusPlus.preloader.asm.Preloader_FMLLoadingPlugin
[14:55:36] [main/INFO] [GradleStart]: Found and added coremod: ic2.core.coremod.IC2core
[14:55:36] [main/INFO] [GradleStart]: Found and added coremod: micdoodle8.mods.miccore.MicdoodlePlugin
[14:55:36] [main/INFO] [GradleStart]: Found and added coremod: codechicken.nei.asm.NEICorePlugin
[14:55:36] [main/INFO] [GradleStart]: Found and added coremod: thaumcraft.codechicken.core.launch.DepLoader
[14:55:36] [main/INFO] [GradleStart]: Running with arguments: [--userProperties, {}, --assetsDir, C:/Users/DiFaYaL/.gradle/caches/minecraft/assets, --assetIndex, 1.7.10, --accessToken, {REDACTED}, --version, 1.7.10, --tweakClass, cpw.mods.fml.common.launcher.FMLTweaker, --tweakClass, net.minecraftforge.gradle.tweakers.CoremodTweaker]
[14:55:36] [main/INFO] [LaunchWrapper]: Loading tweak class name cpw.mods.fml.common.launcher.FMLTweaker
[14:55:36] [main/INFO] [LaunchWrapper]: Using primary tweak class name cpw.mods.fml.common.launcher.FMLTweaker
[14:55:36] [main/INFO] [LaunchWrapper]: Loading tweak class name net.minecraftforge.gradle.tweakers.CoremodTweaker
[14:55:36] [main/INFO] [LaunchWrapper]: Calling tweak class cpw.mods.fml.common.launcher.FMLTweaker
[15:03:00] [main/INFO] [GradleStart]: Extra: []
[15:03:00] [main/INFO] [GradleStart]: Found and added coremod: codechicken.core.launch.CodeChickenCorePlugin
[15:03:00] [main/INFO] [GradleStart]: Found and added coremod: squeek.applecore.AppleCore
[15:03:00] [main/INFO] [GradleStart]: Found and added coremod: appeng.transformer.AppEngCore
[15:03:00] [main/INFO] [GradleStart]: Found and added coremod: codechicken.core.launch.CodeChickenCorePlugin
[15:03:00] [main/INFO] [GradleStart]: Found and added coremod: cofh.asm.LoadingPlugin
[15:03:00] [main/INFO] [GradleStart]: Found and added coremod: com.enderio.core.common.transform.EnderCorePlugin
[15:03:00] [main/INFO] [GradleStart]: Found and added coremod: codechicken.core.launch.DepLoader
[15:03:00] [main/INFO] [GradleStart]: Found and added coremod: gtPlusPlus.preloader.asm.Preloader_FMLLoadingPlugin
[15:03:00] [main/INFO] [GradleStart]: Found and added coremod: ic2.core.coremod.IC2core
[15:03:00] [main/INFO] [GradleStart]: Found and added coremod: micdoodle8.mods.miccore.MicdoodlePlugin
[15:03:00] [main/INFO] [GradleStart]: Found and added coremod: codechicken.nei.asm.NEICorePlugin
[15:03:00] [main/INFO] [GradleStart]: Found and added coremod: thaumcraft.codechicken.core.launch.DepLoader
[15:03:00] [main/INFO] [GradleStart]: Running with arguments: [--userProperties, {}, --assetsDir, C:/Users/DiFaYaL/.gradle/caches/minecraft/assets, --assetIndex, 1.7.10, --accessToken, {REDACTED}, --version, 1.7.10, --tweakClass, cpw.mods.fml.common.launcher.FMLTweaker, --tweakClass, net.minecraftforge.gradle.tweakers.CoremodTweaker]
[15:03:00] [main/INFO] [LaunchWrapper]: Loading tweak class name cpw.mods.fml.common.launcher.FMLTweaker
[15:03:00] [main/INFO] [LaunchWrapper]: Using primary tweak class name cpw.mods.fml.common.launcher.FMLTweaker
[15:03:00] [main/INFO] [LaunchWrapper]: Loading tweak class name net.minecraftforge.gradle.tweakers.CoremodTweaker
[15:03:00] [main/INFO] [LaunchWrapper]: Calling tweak class cpw.mods.fml.common.launcher.FMLTweaker
[15:26:41] [main/INFO] [GradleStart]: Extra: []
[15:26:41] [main/INFO] [GradleStart]: Found and added coremod: codechicken.core.launch.CodeChickenCorePlugin
[15:26:41] [main/INFO] [GradleStart]: Found and added coremod: squeek.applecore.AppleCore
[15:26:41] [main/INFO] [GradleStart]: Found and added coremod: appeng.transformer.AppEngCore
[15:26:41] [main/INFO] [GradleStart]: Found and added coremod: codechicken.core.launch.CodeChickenCorePlugin
[15:26:41] [main/INFO] [GradleStart]: Found and added coremod: cofh.asm.LoadingPlugin
[15:26:41] [main/INFO] [GradleStart]: Found and added coremod: com.enderio.core.common.transform.EnderCorePlugin
[15:26:41] [main/INFO] [GradleStart]: Found and added coremod: codechicken.core.launch.DepLoader
[15:26:41] [main/INFO] [GradleStart]: Found and added coremod: gtPlusPlus.preloader.asm.Preloader_FMLLoadingPlugin
[15:26:41] [main/INFO] [GradleStart]: Found and added coremod: ic2.core.coremod.IC2core
[15:26:41] [main/INFO] [GradleStart]: Found and added coremod: micdoodle8.mods.miccore.MicdoodlePlugin
[15:26:41] [main/INFO] [GradleStart]: Found and added coremod: codechicken.nei.asm.NEICorePlugin
[15:26:41] [main/INFO] [GradleStart]: Found and added coremod: thaumcraft.codechicken.core.launch.DepLoader
[15:26:41] [main/INFO] [GradleStart]: Running with arguments: [--userProperties, {}, --assetsDir, C:/Users/DiFaYaL/.gradle/caches/minecraft/assets, --assetIndex, 1.7.10, --accessToken, {REDACTED}, --version, 1.7.10, --tweakClass, cpw.mods.fml.common.launcher.FMLTweaker, --tweakClass, net.minecraftforge.gradle.tweakers.CoremodTweaker]
[15:26:41] [main/INFO] [LaunchWrapper]: Loading tweak class name cpw.mods.fml.common.launcher.FMLTweaker
[15:26:41] [main/INFO] [LaunchWrapper]: Using primary tweak class name cpw.mods.fml.common.launcher.FMLTweaker
[15:26:41] [main/INFO] [LaunchWrapper]: Loading tweak class name net.minecraftforge.gradle.tweakers.CoremodTweaker
[15:26:41] [main/INFO] [LaunchWrapper]: Calling tweak class cpw.mods.fml.common.launcher.FMLTweaker
[15:49:51] [main/INFO] [GradleStart]: Extra: []
[15:49:51] [main/INFO] [GradleStart]: Found and added coremod: codechicken.core.launch.CodeChickenCorePlugin
[15:49:52] [main/INFO] [GradleStart]: Found and added coremod: squeek.applecore.AppleCore
[15:49:52] [main/INFO] [GradleStart]: Found and added coremod: appeng.transformer.AppEngCore
[15:49:52] [main/INFO] [GradleStart]: Found and added coremod: codechicken.core.launch.CodeChickenCorePlugin
[15:49:52] [main/INFO] [GradleStart]: Found and added coremod: cofh.asm.LoadingPlugin
[15:49:52] [main/INFO] [GradleStart]: Found and added coremod: com.enderio.core.common.transform.EnderCorePlugin
[15:49:52] [main/INFO] [GradleStart]: Found and added coremod: codechicken.core.launch.DepLoader
[15:49:52] [main/INFO] [GradleStart]: Found and added coremod: gtPlusPlus.preloader.asm.Preloader_FMLLoadingPlugin
[15:49:52] [main/INFO] [GradleStart]: Found and added coremod: ic2.core.coremod.IC2core
[15:49:52] [main/INFO] [GradleStart]: Found and added coremod: micdoodle8.mods.miccore.MicdoodlePlugin
[15:49:52] [main/INFO] [GradleStart]: Found and added coremod: codechicken.nei.asm.NEICorePlugin
[15:49:52] [main/INFO] [GradleStart]: Found and added coremod: thaumcraft.codechicken.core.launch.DepLoader
[15:49:52] [main/INFO] [GradleStart]: Running with arguments: [--userProperties, {}, --assetsDir, C:/Users/DiFaYaL/.gradle/caches/minecraft/assets, --assetIndex, 1.7.10, --accessToken, {REDACTED}, --version, 1.7.10, --tweakClass, cpw.mods.fml.common.launcher.FMLTweaker, --tweakClass, net.minecraftforge.gradle.tweakers.CoremodTweaker]
[15:49:52] [main/INFO] [LaunchWrapper]: Loading tweak class name cpw.mods.fml.common.launcher.FMLTweaker
[15:49:52] [main/INFO] [LaunchWrapper]: Using primary tweak class name cpw.mods.fml.common.launcher.FMLTweaker
[15:49:52] [main/INFO] [LaunchWrapper]: Loading tweak class name net.minecraftforge.gradle.tweakers.CoremodTweaker
[15:49:52] [main/INFO] [LaunchWrapper]: Calling tweak class cpw.mods.fml.common.launcher.FMLTweaker
[16:07:54] [main/INFO] [GradleStart]: Extra: []
[16:07:54] [main/INFO] [GradleStart]: Found and added coremod: codechicken.core.launch.CodeChickenCorePlugin
[16:07:54] [main/INFO] [GradleStart]: Found and added coremod: squeek.applecore.AppleCore
[16:07:54] [main/INFO] [GradleStart]: Found and added coremod: appeng.transformer.AppEngCore
[16:07:54] [main/INFO] [GradleStart]: Found and added coremod: codechicken.core.launch.CodeChickenCorePlugin
[16:07:54] [main/INFO] [GradleStart]: Found and added coremod: cofh.asm.LoadingPlugin
[16:07:54] [main/INFO] [GradleStart]: Found and added coremod: com.enderio.core.common.transform.EnderCorePlugin
[16:07:54] [main/INFO] [GradleStart]: Found and added coremod: codechicken.core.launch.DepLoader
[16:07:54] [main/INFO] [GradleStart]: Found and added coremod: gtPlusPlus.preloader.asm.Preloader_FMLLoadingPlugin
[16:07:54] [main/INFO] [GradleStart]: Found and added coremod: ic2.core.coremod.IC2core
[16:07:54] [main/INFO] [GradleStart]: Found and added coremod: micdoodle8.mods.miccore.MicdoodlePlugin
[16:07:54] [main/INFO] [GradleStart]: Found and added coremod: codechicken.nei.asm.NEICorePlugin
[16:07:54] [main/INFO] [GradleStart]: Found and added coremod: thaumcraft.codechicken.core.launch.DepLoader
[16:07:54] [main/INFO] [GradleStart]: Running with arguments: [--userProperties, {}, --assetsDir, C:/Users/DiFaYaL/.gradle/caches/minecraft/assets, --assetIndex, 1.7.10, --accessToken, {REDACTED}, --version, 1.7.10, --tweakClass, cpw.mods.fml.common.launcher.FMLTweaker, --tweakClass, net.minecraftforge.gradle.tweakers.CoremodTweaker]
[16:07:54] [main/INFO] [LaunchWrapper]: Loading tweak class name cpw.mods.fml.common.launcher.FMLTweaker
[16:07:54] [main/INFO] [LaunchWrapper]: Using primary tweak class name cpw.mods.fml.common.launcher.FMLTweaker
[16:07:54] [main/INFO] [LaunchWrapper]: Loading tweak class name net.minecraftforge.gradle.tweakers.CoremodTweaker
[16:07:54] [main/INFO] [LaunchWrapper]: Calling tweak class cpw.mods.fml.common.launcher.FMLTweaker
