[16:07:58] [main/INFO]: Setting user: Player718
[16:08:00] [Client thread/INFO]: LWJGL Version: 2.9.1
[16:08:17] [Client thread/INFO]: Reloading ResourceManager: Default, FMLFileResourcePack:Forge Mod Loader, FMLFileResourcePack:Minecraft Forge, FMLFileResourcePack:Not Enough Items, FMLFileResourcePack:GregTech, FMLFileResourcePack:Tinkers' Construct, FMLFileResourcePack:Translocator, FMLFileResourcePack:Mantle, FMLFileResourcePack:AppleCore, FMLFileResourcePack:Applied Energistics 2, FMLFileResourcePack:BartWorks, FMLFileResourcePack:BartWorks Mod Additions, FMLFileResourcePack:Baubles, FMLFileResourcePack:BuildCraft, FMLFileResourcePack:BC Transport, FMLFileResourcePack:BC Factory, FMLFileResourcePack:BC Silicon, FMLFileResourcePack:BC Robotics, FMLFileResourcePack:BC Energy, FMLFileResourcePack:BC Builders, FMLFileResourcePack:CoFH Core, FMLFileResourcePack:EnderCore, FMLFileResourcePack:Ender IO, FMLFileResourcePack:Forestry for Minecraft, FMLFileResourcePack:Forge Microblocks, FMLFileResourcePack:Forge Multipart, FMLFileResourcePack:Minecraft Multipart Plugin, FMLFileResourcePack:Galacticraft Core, FMLFileResourcePack:GT++ Australia, FMLFileResourcePack:GT++ Toxic Everglades, FMLFileResourcePack:GT++, FMLFileResourcePack:Nuclear Control 2, FMLFileResourcePack:Immersive Engineering, FMLFileResourcePack:IndustrialCraft 2, FMLFileResourcePack:Magneticraft, FMLFileResourcePack:Railcraft, FMLFileResourcePack:TecTech, FMLFileResourcePack:Thaumcraft, FMLFileResourcePack:YAMCore, GregTechRus Pack-ReworkRus.zip
[16:08:39] [Sound Library Loader/INFO]: Sound engine started
[16:08:40] [Client thread/INFO]: Created: 16x16 textures/blocks-atlas
[16:08:40] [Client thread/INFO]: Created: 16x16 textures/items-atlas
[16:08:41] [Client thread/INFO]: Created: 16x16 textures/revolvers-atlas
[16:09:57] [Client thread/INFO]: Reloading ResourceManager: Default, FMLFileResourcePack:Forge Mod Loader, FMLFileResourcePack:Minecraft Forge, FMLFileResourcePack:Not Enough Items, FMLFileResourcePack:GregTech, FMLFileResourcePack:Tinkers' Construct, FMLFileResourcePack:Translocator, FMLFileResourcePack:Mantle, FMLFileResourcePack:AppleCore, FMLFileResourcePack:Applied Energistics 2, FMLFileResourcePack:BartWorks, FMLFileResourcePack:BartWorks Mod Additions, FMLFileResourcePack:Baubles, FMLFileResourcePack:BuildCraft, FMLFileResourcePack:BC Transport, FMLFileResourcePack:BC Factory, FMLFileResourcePack:BC Silicon, FMLFileResourcePack:BC Robotics, FMLFileResourcePack:BC Energy, FMLFileResourcePack:BC Builders, FMLFileResourcePack:CoFH Core, FMLFileResourcePack:EnderCore, FMLFileResourcePack:Ender IO, FMLFileResourcePack:Forestry for Minecraft, FMLFileResourcePack:Forge Microblocks, FMLFileResourcePack:Forge Multipart, FMLFileResourcePack:Minecraft Multipart Plugin, FMLFileResourcePack:Galacticraft Core, FMLFileResourcePack:GT++ Australia, FMLFileResourcePack:GT++ Toxic Everglades, FMLFileResourcePack:GT++, FMLFileResourcePack:Nuclear Control 2, FMLFileResourcePack:Immersive Engineering, FMLFileResourcePack:IndustrialCraft 2, FMLFileResourcePack:Magneticraft, FMLFileResourcePack:Railcraft, FMLFileResourcePack:TecTech, FMLFileResourcePack:Thaumcraft, FMLFileResourcePack:YAMCore, GregTechRus Pack-ReworkRus.zip
[16:10:07] [Client thread/INFO]: Created: 4096x4096 textures/blocks-atlas
[16:10:08] [Client thread/INFO]: Created: 1024x1024 textures/revolvers-atlas
[16:10:12] [Client thread/INFO]: Created: 8192x4096 textures/items-atlas
[16:10:13] [Sound Library Loader/INFO]: Sound engine started
[16:11:19] [Server thread/INFO]: Starting integrated minecraft server version 1.7.10
[16:11:19] [Server thread/INFO]: Generating keypair
[16:11:20] [Server thread/INFO]: Preparing start region for level 0
[16:11:24] [Server thread/INFO]: Changing view distance to 12, from 10
[16:11:24] [Server thread/INFO]: Player718[local:E:16aa7b7e] logged in with entity id 331 at (11.34014348422707, 81.0, 102.87370844979087)
[16:11:24] [Server thread/INFO]: Player718 joined the game
[16:11:26] [Server thread/WARN]: Can't keep up! Did the system time change, or is the server overloaded? Running 2408ms behind, skipping 48 tick(s)
[16:11:31] [Server thread/INFO]: Saving and pausing game...
[16:11:31] [Server thread/INFO]: Saving chunks for level 'test'/Overworld
[16:11:31] [Server thread/INFO]: Saving chunks for level 'test'/Nether
[16:11:31] [Server thread/INFO]: Saving chunks for level 'test'/The End
[16:11:31] [Server thread/INFO]: Saving chunks for level 'test'/Australia
[16:11:31] [Server thread/INFO]: Saving chunks for level 'test'/Moon
[16:11:31] [Server thread/INFO]: Saving chunks for level 'test'/dimensionDarkWorld
[16:11:31] [Server thread/INFO]: Saving chunks for level 'test'/Ross128b
[16:11:31] [Server thread/INFO]: Saving chunks for level 'test'/The Outer Lands
[16:11:33] [Server thread/INFO]: Saving and pausing game...
[16:11:33] [Server thread/INFO]: Saving chunks for level 'test'/Overworld
[16:11:33] [Server thread/INFO]: Saving chunks for level 'test'/Nether
[16:11:33] [Server thread/INFO]: Saving chunks for level 'test'/The End
[16:11:33] [Server thread/INFO]: Saving chunks for level 'test'/Australia
[16:11:33] [Server thread/INFO]: Saving chunks for level 'test'/Moon
[16:11:33] [Server thread/INFO]: Saving chunks for level 'test'/dimensionDarkWorld
[16:11:33] [Server thread/INFO]: Saving chunks for level 'test'/Ross128b
[16:11:33] [Server thread/INFO]: Saving chunks for level 'test'/The Outer Lands
[16:11:46] [Client thread/INFO]: [CHAT] You're not using the latest recommended version of GT++, consider updating.
[16:12:00] [Server thread/INFO]: Saving and pausing game...
[16:12:00] [Server thread/INFO]: Saving chunks for level 'test'/Overworld
[16:12:00] [Server thread/INFO]: Saving chunks for level 'test'/Nether
[16:12:00] [Server thread/INFO]: Saving chunks for level 'test'/The End
[16:12:00] [Server thread/INFO]: Saving chunks for level 'test'/Australia
[16:12:00] [Server thread/INFO]: Saving chunks for level 'test'/Moon
[16:12:00] [Server thread/INFO]: Saving chunks for level 'test'/dimensionDarkWorld
[16:12:00] [Server thread/INFO]: Saving chunks for level 'test'/Ross128b
[16:12:00] [Server thread/INFO]: Saving chunks for level 'test'/The Outer Lands
[16:12:17] [Server thread/INFO]: Saving and pausing game...
[16:12:17] [Server thread/INFO]: Saving chunks for level 'test'/Overworld
[16:12:17] [Server thread/INFO]: Saving chunks for level 'test'/Nether
[16:12:17] [Server thread/INFO]: Saving chunks for level 'test'/The End
[16:12:17] [Server thread/INFO]: Saving chunks for level 'test'/Australia
[16:12:17] [Server thread/INFO]: Saving chunks for level 'test'/Moon
[16:12:17] [Server thread/INFO]: Saving chunks for level 'test'/dimensionDarkWorld
[16:12:17] [Server thread/INFO]: Saving chunks for level 'test'/Ross128b
[16:12:17] [Server thread/INFO]: Saving chunks for level 'test'/The Outer Lands
[16:12:18] [Server thread/INFO]: Stopping server
[16:12:18] [Server thread/INFO]: Saving players
[16:12:18] [Server thread/INFO]: Saving worlds
[16:12:18] [Server thread/INFO]: Saving chunks for level 'test'/Overworld
[16:12:18] [Server thread/INFO]: Saving chunks for level 'test'/Nether
[16:12:18] [Server thread/INFO]: Saving chunks for level 'test'/The End
[16:12:18] [Server thread/INFO]: Saving chunks for level 'test'/Australia
[16:12:18] [Server thread/INFO]: Saving chunks for level 'test'/Moon
[16:12:18] [Server thread/INFO]: Saving chunks for level 'test'/dimensionDarkWorld
[16:12:18] [Server thread/INFO]: Saving chunks for level 'test'/Ross128b
[16:12:18] [Server thread/INFO]: Saving chunks for level 'test'/The Outer Lands
[16:12:36] [Client thread/INFO]: Stopping!
